[04:50:23] Watching inputs/ every 2s...
[04:50:23] Processing: VIP_01.bres
[04:50:25] Detected type: bres
[04:50:25] Success: VIP_01.bres
[04:50:25] Round processed: 1 file(s)
[04:50:27] Processing: VIP_01.bres
[04:50:29] Detected type: bres
[04:50:29] Success: VIP_01.bres
[04:50:29] Round processed: 1 file(s)
[04:50:31] Processing: VIP_01.bres
[04:50:33] Detected type: bres
[04:50:33] Success: VIP_01.bres
[04:50:33] Round processed: 1 file(s)
[04:50:35] Processing: VIP_01.bres
[04:50:37] Detected type: bres
[04:50:38] Success: VIP_01.bres
[04:50:38] Round processed: 1 file(s)
[04:50:40] Processing: VIP_01.bres
[04:50:42] Detected type: bres
[04:50:42] Success: VIP_01.bres
[04:50:42] Round processed: 1 file(s)
[04:50:44] Processing: VIP_01.bres
[04:50:46] Detected type: bres
[04:50:46] Success: VIP_01.bres
[04:50:46] Round processed: 1 file(s)
[04:50:48] Processing: VIP_01.bres
[04:50:50] Detected type: bres
[04:50:50] Success: VIP_01.bres
[04:50:50] Round processed: 1 file(s)
[04:50:52] Processing: VIP_01.bres
[04:50:54] Detected type: bres
[04:50:54] Success: VIP_01.bres
[04:50:54] Round processed: 1 file(s)
[04:50:56] Processing: VIP_01.bres
[04:50:58] Detected type: bres
[04:50:58] Success: VIP_01.bres
[04:50:58] Round processed: 1 file(s)
[04:51:00] Processing: VIP_01.bres
[04:51:02] Detected type: bres
[04:51:02] Success: VIP_01.bres
[04:51:02] Round processed: 1 file(s)
[04:51:04] Processing: VIP_01.bres
[04:51:06] Detected type: bres
[04:51:06] Success: VIP_01.bres
[04:51:06] Round processed: 1 file(s)
[04:51:08] Processing: VIP_01.bres
[04:51:10] Detected type: bres
[04:51:10] Success: VIP_01.bres
[04:51:10] Round processed: 1 file(s)
[04:51:12] Processing: VIP_01.bres
[04:51:14] Detected type: bres
[04:51:14] Success: VIP_01.bres
[04:51:14] Round processed: 1 file(s)
[04:51:16] Processing: VIP_01.bres
